<?xml version="1.0" encoding="UTF-8"?>
<!-- Generated by org.testng.reporters.JUnitXMLReporter -->
<testsuite ignored="1" hostname="WS-9061" failures="0" tests="3" name="Regression-Group" time="0.141" errors="0" timestamp="2022-04-07T17:03:28 IST">
  <testcase classname="com.selenium.test.testing.TestngGroups" name="test" time="0.022"/>
  <testcase classname="com.selenium.test.testing.TestngGroups" name="test3" time="0.011"/>
  <testcase classname="com.selenium.test.testing.TestngGroups" name="test2" time="0.004"/>
  <testcase classname="com.selenium.test.testing.TestngGroups" name="test1" time="0.0">
    <ignored/>
  </testcase> <!-- test1 -->
</testsuite> <!-- Regression-Group -->
