<?xml version="1.0" encoding="UTF-8"?>
<!-- Generated by org.testng.reporters.JUnitXMLReporter -->
<testsuite ignored="0" hostname="WS-9061" failures="0" tests="4" name="Default test" time="0.134" errors="0" timestamp="2022-04-07T16:27:52 IST">
  <testcase classname="com.selenium.test.testing.TestngGroups" name="test" time="0.019"/>
  <testcase classname="com.selenium.test.testing.TestngGroups" name="test1" time="0.002"/>
  <testcase classname="com.selenium.test.testing.TestngGroups" name="test3" time="0.008"/>
  <testcase classname="com.selenium.test.testing.TestngGroups" name="test2" time="0.002"/>
</testsuite> <!-- Default test -->
