<?xml version="1.0" encoding="UTF-8"?>
<!-- Generated by org.testng.reporters.JUnitXMLReporter -->
<testsuite ignored="1" hostname="WS-9061" failures="0" tests="3" name="Test" time="0.087" errors="0" timestamp="2022-04-07T16:43:47 IST">
  <testcase classname="com.selenium.test.testing.TestngGroups" name="test" time="0.01"/>
  <testcase classname="com.selenium.test.testing.TestngGroups" name="test3" time="0.01"/>
  <testcase classname="com.selenium.test.testing.TestngGroups" name="test2" time="0.001"/>
  <testcase classname="com.selenium.test.testing.TestngGroups" name="test1" time="0.0">
    <ignored/>
  </testcase> <!-- test1 -->
</testsuite> <!-- Test -->
