<?xml version="1.0" encoding="UTF-8"?>
<!-- Generated by org.testng.reporters.JUnitXMLReporter -->
<testsuite ignored="1" hostname="WS-9061" failures="0" tests="3" name="GRP-sanity" time="0.117" errors="0" timestamp="2022-04-07T16:19:33 IST">
  <testcase classname="com.selenium.test.testing.TestngGroups" name="test" time="0.013"/>
  <testcase classname="com.selenium.test.testing.TestngGroups" name="test1" time="0.003"/>
  <testcase classname="com.selenium.test.testing.TestngGroups" name="test2" time="0.003"/>
  <testcase classname="com.selenium.test.testing.TestngGroups" name="test3" time="0.0">
    <ignored/>
  </testcase> <!-- test3 -->
</testsuite> <!-- GRP-sanity -->
