<?xml version="1.0" encoding="UTF-8"?>
<testng-results ignored="0" total="1" passed="1" failed="0" skipped="0">
  <reporter-output>
  </reporter-output>
  <suite started-at="2023-08-20T22:23:44 IST" name="Default suite" finished-at="2023-08-20T22:24:05 IST" duration-ms="21005">
    <groups>
    </groups>
    <test started-at="2023-08-20T22:23:44 IST" name="Default test" finished-at="2023-08-20T22:24:05 IST" duration-ms="21005">
      <class name="day1.PostMethodJsonFile">
        <test-method signature="postMethodJsonfile()[pri:0, instance:day1.PostMethodJsonFile@a2431d0]" started-at="2023-08-20T22:23:44 IST" name="postMethodJsonfile" finished-at="2023-08-20T22:24:05 IST" duration-ms="20751" status="PASS">
          <reporter-output>
          </reporter-output>
        </test-method> <!-- postMethodJsonfile -->
      </class> <!-- day1.PostMethodJsonFile -->
    </test> <!-- Default test -->
  </suite> <!-- Default suite -->
</testng-results>
